17.07.2019 01:28:40 d_upper_varrock.txt "1169.1.1={holder=1}" writed
17.07.2019 01:28:40 c_varrock_castle.txt "1169.1.1={holder=1}" writed
17.07.2019 01:28:40 c_varrock_ditch.txt "1169.1.1={holder=1}" writed
17.07.2019 01:28:53 c_varrock_church.txt "1169.1.1={holder=1000000}" writed
17.07.2019 01:29:02 c_lum_barbarian_path.txt "1169.1.1={holder=1000002}" writed
17.07.2019 01:29:07 c_barbarian_path.txt "1169.1.1={holder=1000003}" writed
17.07.2019 01:29:10 c_north_barbarian_path_plain.txt "1169.1.1={holder=1000004}" writed
17.07.2019 01:29:14 c_south_barbarian_path_plain.txt "1169.1.1={holder=1000005}" writed
17.07.2019 01:29:17 c_north_west_barbarian_plains.txt "1169.1.1={holder=1000006}" writed
17.07.2019 01:29:20 c_barbarian_square.txt "1169.1.1={holder=1000007}" writed
17.07.2019 01:29:23 c_long_hall.txt "1169.1.1={holder=1000008}" writed
17.07.2019 01:29:27 c_north_east_barbarian_plains.txt "1169.1.1={holder=1000009}" writed
17.07.2019 01:29:32 c_south_barbarian_plains.txt "1169.1.1={holder=1000010}" writed
17.07.2019 01:29:34 c_champions_guild.txt "1169.1.1={holder=1000011}" writed
17.07.2019 01:29:37 c_champions_guild_path.txt "1169.1.1={holder=1000012}" writed
17.07.2019 01:29:40 c_varrock_south_west_mines.txt "1169.1.1={holder=1000013}" writed
17.07.2019 01:29:44 c_barbarian_passageway.txt "1169.1.1={holder=1000014}" writed
17.07.2019 01:29:51 c_deadwoods.txt "1169.1.1={holder=1000015}" writed
17.07.2019 01:29:57 c_north_deadwoods.txt "1169.1.1={holder=1000018}" writed
17.07.2019 01:30:00 c_the_biting_tree.txt "1169.1.1={holder=1000019}" writed
17.07.2019 01:30:03 c_draynor_cross.txt "1169.1.1={holder=1000020}" writed
17.07.2019 01:30:07 c_draynor_cross_deadwoods.txt "1169.1.1={holder=1000021}" writed
17.07.2019 01:30:11 c_north_of_draynor_cross.txt "1169.1.1={holder=1000022}" writed
17.07.2019 01:30:15 c_draynor_jail.txt "1169.1.1={holder=1000023}" writed
17.07.2019 01:30:18 c_south_of_draynor_jail.txt "1169.1.1={holder=1000024}" writed
17.07.2019 01:30:22 c_draynor_manor.txt "1169.1.1={holder=1000025}" writed
17.07.2019 01:30:26 c_north_draynor_courtyard.txt "1169.1.1={holder=1000026}" writed
17.07.2019 01:30:29 c_south_draynor_courtyard.txt "1169.1.1={holder=1000027}" writed
17.07.2019 01:30:33 c_north_draynor_village.txt "1169.1.1={holder=1000028}" writed
17.07.2019 01:30:38 c_draynor_field.txt "1169.1.1={holder=1000029}" writed
17.07.2019 01:30:46 c_south_draynor_village.txt "1169.1.1={holder=1000030}" writed
17.07.2019 01:30:54 c_south_draynor_village.txt "1169.1.1={holder=1000032}" writed
17.07.2019 01:30:54 c_goblin_ghetto.txt "1169.1.1={holder=1000032}" writed
17.07.2019 01:31:03 c_lum_crossing.txt "1169.1.1={holder=1000033}" writed
17.07.2019 01:31:06 c_lum_watermill.txt "1169.1.1={holder=1000034}" writed
17.07.2019 01:31:17 c_varrock_gated_community.txt "1169.1.1={holder=1000039}" writed
17.07.2019 01:31:20 c_east_varrock_teastall.txt "1169.1.1={holder=1000040}" writed
17.07.2019 01:31:23 c_east_varrock_temple.txt "1169.1.1={holder=1000041}" writed
17.07.2019 01:31:28 c_east_varrock_bank.txt "1169.1.1={holder=1000043}" writed
17.07.2019 01:31:32 c_east_varrock_path.txt "1169.1.1={holder=1000044}" writed
17.07.2019 01:31:35 c_varrock_museum.txt "1169.1.1={holder=1000045}" writed
17.07.2019 01:31:38 c_east_edgeville.txt "1169.1.1={holder=1000046}" writed
17.07.2019 01:31:41 c_edgeville.txt "1169.1.1={holder=1000048}" writed
17.07.2019 01:31:44 c_edgeville_ditch.txt "1169.1.1={holder=1000050}" writed
17.07.2019 01:31:50 c_grand_exchange_ditch.txt "1169.1.1={holder=1000052}" writed
17.07.2019 01:31:53 c_east_grand_exchange.txt "1169.1.1={holder=1000053}" writed
17.07.2019 01:32:05 c_lumbridge_furnace.txt "1169.1.1={holder=1000054}" writed
17.07.2019 01:32:10 c_lumbridge_castle.txt "1169.1.1={holder=1000055}" writed
17.07.2019 01:32:12 c_lumbridge_courtyard.txt "1169.1.1={holder=1000056}" writed
17.07.2019 01:32:16 c_lumbridge_pub.txt "1169.1.1={holder=1000057}" writed
17.07.2019 01:32:23 c_lumbridge_barn.txt "1169.1.1={holder=1000060}" writed
17.07.2019 01:32:35 c_lumbridge_herding_field.txt "1169.1.1={holder=1000060}" writed
17.07.2019 01:32:39 c_lumbridge_path.txt "1169.1.1={holder=1000061}" writed
17.07.2019 01:32:44 c_lumbridge_windmill.txt "1169.1.1={holder=1000065}" writed
17.07.2019 01:32:48 c_south_varrock_guard_watch.txt "1169.1.1={holder=1000066}" writed
17.07.2019 01:32:51 c_south_varrock_pub.txt "1169.1.1={holder=1000067}" writed
17.07.2019 01:32:56 c_stronghold_of_security.txt "1169.1.1={holder=1000068}" writed
17.07.2019 01:33:03 c_the_guides_house.txt "1169.1.1={holder=1000069}" writed
17.07.2019 01:33:07 c_bank_and_chapel.txt "1169.1.1={holder=1000070}" writed
17.07.2019 01:33:16 c_mages_house.txt "1169.1.1={holder=1000072}" writed
17.07.2019 01:33:21 c_south_tutorial_plains.txt "1169.1.1={holder=1000073}" writed
17.07.2019 01:33:25 c_the_chefs_house.txt "1169.1.1={holder=1000074}" writed
17.07.2019 01:33:28 c_the_quests_house.txt "1169.1.1={holder=1000075}" writed
17.07.2019 01:33:31 c_varrock_druid_circle.txt "1169.1.1={holder=1000077}" writed
17.07.2019 01:33:35 c_varrock_druid_circle.txt "1169.1.1={holder=1000078}" writed
17.07.2019 01:33:35 c_south_of_the_circle.txt "1169.1.1={holder=1000078}" writed
17.07.2019 01:33:42 c_varrock_druid_circle.txt "1169.1.1={holder=1000079}" writed
17.07.2019 01:33:42 c_north_varrock_lum_plains.txt "1169.1.1={holder=1000079}" writed
17.07.2019 01:33:46 c_varrock_druid_circle.txt "1169.1.1={holder=1000081}" writed
17.07.2019 01:33:46 c_east_varrock_lum_plains.txt "1169.1.1={holder=1000081}" writed
17.07.2019 01:33:49 c_varrock_druid_circle.txt "1169.1.1={holder=1000083}" writed
17.07.2019 01:33:49 c_gertrudes_house.txt "1169.1.1={holder=1000083}" writed
17.07.2019 01:33:53 c_varrock_druid_circle.txt "1169.1.1={holder=1000083}" writed
17.07.2019 01:33:53 c_south_varrock_lum_plains.txt "1169.1.1={holder=1000083}" writed
17.07.2019 01:33:56 c_varrock_druid_circle.txt "1169.1.1={holder=1000084}" writed
17.07.2019 01:33:56 c_varrock_path.txt "1169.1.1={holder=1000084}" writed
17.07.2019 01:34:03 c_varrock_druid_circle.txt "1169.1.1={holder=1000085}" writed
17.07.2019 01:34:03 c_lum_coast.txt "1169.1.1={holder=1000085}" writed
17.07.2019 01:34:06 c_varrock_druid_circle.txt "1169.1.1={holder=1000086}" writed
17.07.2019 01:34:06 c_varrock_path_field.txt "1169.1.1={holder=1000086}" writed
17.07.2019 01:34:11 c_varrock_druid_circle.txt "1169.1.1={holder=1000087}" writed
17.07.2019 01:34:11 c_varrock_square.txt "1169.1.1={holder=1000087}" writed
17.07.2019 01:34:14 c_varrock_druid_circle.txt "1169.1.1={holder=1000088}" writed
17.07.2019 01:34:14 c_varrock_chainmail_store.txt "1169.1.1={holder=1000088}" writed
17.07.2019 01:34:17 c_varrock_druid_circle.txt "1169.1.1={holder=1000089}" writed
17.07.2019 01:34:17 c_cooking_guild.txt "1169.1.1={holder=1000089}" writed
17.07.2019 01:34:21 c_varrock_druid_circle.txt "1169.1.1={holder=1000091}" writed
17.07.2019 01:34:21 c_grand_exchange_pathway.txt "1169.1.1={holder=1000091}" writed
17.07.2019 01:34:24 c_varrock_druid_circle.txt "1169.1.1={holder=1000092}" writed
17.07.2019 01:34:24 c_west_varrock_bank.txt "1169.1.1={holder=1000092}" writed
17.07.2019 01:34:33 c_varrock_druid_circle.txt "1169.1.1={holder=1000094}" writed
17.07.2019 01:34:33 c_west_varrock_guard_watch.txt "1169.1.1={holder=1000094}" writed
17.07.2019 01:34:42 c_varrock_druid_circle.txt "1169.1.1={holder=1000095}" writed
17.07.2019 01:34:42 c_varrock_anvils.txt "1169.1.1={holder=1000095}" writed
17.07.2019 01:34:49 c_varrock_druid_circle.txt "1169.1.1={holder=1000095}" writed
17.07.2019 01:34:49 c_varrock_apothecary.txt "1169.1.1={holder=1000095}" writed
17.07.2019 01:34:53 c_varrock_druid_circle.txt "1169.1.1={holder=1000096}" writed
17.07.2019 01:34:53 d_wizards_tower.txt "1169.1.1={holder=1000096}" writed
17.07.2019 01:34:53 c_wizards_tower.txt "1169.1.1={holder=1000096}" writed
17.07.2019 01:34:53 c_wizards_bridge.txt "1169.1.1={holder=1000096}" writed
17.07.2019 01:39:29 c_east_grand_exchange.txt "1169.1.1={holder=1000238}" writed
19.07.2019 07:19:02 d_upper_varrock.txt "1169.1.1={holder=1}" writed
19.07.2019 07:19:02 c_varrock_castle.txt "1169.1.1={holder=1}" writed
19.07.2019 07:19:02 c_varrock_church.txt "1169.1.1={holder=1}" writed
19.07.2019 07:19:02 c_varrock_ditch.txt "1169.1.1={holder=1}" writed
